[    0.000000] Initializing cgroup subsys cpuset
[    0.000000] Initializing cgroup subsys cpu
[    0.000000] Initializing cgroup subsys cpuacct
[    0.000000] Linux version 4.4.0-210-generic (buildd@lgw01-amd64-009) (gcc version 5.4.0 20160609 (Ubuntu 5.4.0-6ubuntu1~16.04.12) ) #242-Ubuntu SMP Fri Apr 16 09:57:56 UTC 2021 (Ubuntu 4.4.0-210.242-generic 4.4.262)
[    0.000000] Command line: BOOT_IMAGE=/boot/vmlinuz-4.4.0-210-generic root=LABEL=cloudimg-rootfs ro console=tty1 console=ttyS0
[    0.000000] KERNEL supported cpus:
[    0.000000]   Intel GenuineIntel
[    0.000000]   AMD AuthenticAMD
[    0.000000]   Centaur CentaurHauls
[    0.000000] x86/fpu: xstate_offset[2]:  576, xstate_sizes[2]:  256
[    0.000000] x86/fpu: Supporting XSAVE feature 0x01: 'x87 floating point registers'
[    0.000000] x86/fpu: Supporting XSAVE feature 0x02: 'SSE registers'
[    0.000000] x86/fpu: Supporting XSAVE feature 0x04: 'AVX registers'
[    0.000000] x86/fpu: Enabled xstate features 0x7, context size is 832 bytes, using 'standard' format.
[    0.000000] e820: BIOS-provided physical RAM map:
[    0.000000] BIOS-e820: [mem 0x0000000000000000-0x000000000009fbff] usable
[    0.000000] BIOS-e820: [mem 0x000000000009fc00-0x000000000009ffff] reserved
[    0.000000] BIOS-e820: [mem 0x00000000000f0000-0x00000000000fffff] reserved
[    0.000000] BIOS-e820: [mem 0x0000000000100000-0x000000003ffeffff] usable
[    0.000000] BIOS-e820: [mem 0x000000003fff0000-0x000000003fffffff] ACPI data
[    0.000000] BIOS-e820: [mem 0x00000000fec00000-0x00000000fec00fff] reserved
[    0.000000] BIOS-e820: [mem 0x00000000fee00000-0x00000000fee00fff] reserved
[    0.000000] BIOS-e820: [mem 0x00000000fffc0000-0x00000000ffffffff] reserved
[    0.000000] NX (Execute Disable) protection: active
[    0.000000] SMBIOS 2.5 present.
[    0.000000] Hypervisor detected: KVM
[    0.000000] e820: last_pfn = 0x3fff0 max_arch_pfn = 0x400000000
[    0.000000] MTRR: Disabled
[    0.000000] x86/PAT: MTRRs disabled, skipping PAT initialization too.
[    0.000000] CPU MTRRs all blank - virtualized system.
[    0.000000] x86/PAT: Configuration [0-7]: WB  WT  UC- UC  WB  WT  UC- UC  
[    0.000000] found SMP MP-table at [mem 0x0009fff0-0x0009ffff] mapped at [ffff88000009fff0]
[    0.000000] Scanning 1 areas for low memory corruption
[    0.000000] RAMDISK: [mem 0x362dc000-0x37165fff]
[    0.000000] ACPI: Early table checksum verification disabled
[    0.000000] ACPI: RSDP 0x00000000000E0000 000024 (v02 VBOX  )
[    0.000000] ACPI: XSDT 0x000000003FFF0030 00003C (v01 VBOX   VBOXXSDT 00000001 ASL  00000061)
[    0.000000] ACPI: FACP 0x000000003FFF00F0 0000F4 (v04 VBOX   VBOXFACP 00000001 ASL  00000061)
[    0.000000] ACPI: DSDT 0x000000003FFF0470 002325 (v02 VBOX   VBOXBIOS 00000002 INTL 20120111)
[    0.000000] ACPI: FACS 0x000000003FFF0200 000040
[    0.000000] ACPI: FACS 0x000000003FFF0200 000040
[    0.000000] ACPI: APIC 0x000000003FFF0240 00005C (v02 VBOX   VBOXAPIC 00000001 ASL  00000061)
[    0.000000] ACPI: SSDT 0x000000003FFF02A0 0001CC (v01 VBOX   VBOXCPUT 00000002 INTL 20120111)
[    0.000000] No NUMA configuration found
[    0.000000] Faking a node at [mem 0x0000000000000000-0x000000003ffeffff]
[    0.000000] NODE_DATA(0) allocated [mem 0x3ffeb000-0x3ffeffff]
[    0.000000] kvm-clock: Using msrs 4b564d01 and 4b564d00
[    0.000000] kvm-clock: cpu 0, msr 0:3ffe3001, primary cpu clock
[    0.000000] kvm-clock: using sched offset of 4197091401 cycles
[    0.000000] clocksource: kvm-clock: mask: 0xffffffffffffffff max_cycles: 0x1cd42e4dffb, max_idle_ns: 881590591483 ns
[    0.000000] Zone ranges:
[    0.000000]   DMA      [mem 0x0000000000001000-0x0000000000ffffff]
[    0.000000]   DMA32    [mem 0x0000000001000000-0x000000003ffeffff]
[    0.000000]   Normal   empty
[    0.000000]   Device   empty
[    0.000000] Movable zone start for each node
[    0.000000] Early memory node ranges
[    0.000000]   node   0: [mem 0x0000000000001000-0x000000000009efff]
[    0.000000]   node   0: [mem 0x0000000000100000-0x000000003ffeffff]
[    0.000000] Initmem setup node 0 [mem 0x0000000000001000-0x000000003ffeffff]
[    0.000000] ACPI: PM-Timer IO Port: 0x4008
[    0.000000] IOAPIC[0]: apic_id 2, version 32, address 0xfec00000, GSI 0-23
[    0.000000] ACPI: INT_SRC_OVR (bus 0 bus_irq 0 global_irq 2 dfl dfl)
[    0.000000] ACPI: INT_SRC_OVR (bus 0 bus_irq 9 global_irq 9 low level)
[    0.000000] Using ACPI (MADT) for SMP configuration information
[    0.000000] smpboot: Allowing 2 CPUs, 0 hotplug CPUs
[    0.000000] PM: Registered nosave memory: [mem 0x00000000-0x00000fff]
[    0.000000] PM: Registered nosave memory: [mem 0x0009f000-0x0009ffff]
[    0.000000] PM: Registered nosave memory: [mem 0x000a0000-0x000effff]
[    0.000000] PM: Registered nosave memory: [mem 0x000f0000-0x000fffff]
[    0.000000] e820: [mem 0x40000000-0xfebfffff] available for PCI devices
[    0.000000] Booting paravirtualized kernel on KVM
[    0.000000] clocksource: refined-jiffies: mask: 0xffffffff max_cycles: 0xffffffff, max_idle_ns: 7645519600211568 ns
[    0.000000] setup_percpu: NR_CPUS:512 nr_cpumask_bits:512 nr_cpu_ids:2 nr_node_ids:1
[    0.000000] PERCPU: Embedded 33 pages/cpu @ffff88003fc00000 s95192 r8192 d31784 u1048576
[    0.000000] Built 1 zonelists in Node order, mobility grouping on.  Total pages: 257912
[    0.000000] Policy zone: DMA32
[    0.000000] Kernel command line: BOOT_IMAGE=/boot/vmlinuz-4.4.0-210-generic root=LABEL=cloudimg-rootfs ro console=tty1 console=ttyS0
[    0.000000] PID hash table entries: 4096 (order: 3, 32768 bytes)
[    0.000000] Memory: 997792K/1048120K available (8644K kernel code, 1332K rwdata, 4044K rodata, 1492K init, 1164K bss, 50328K reserved, 0K cma-reserved)
[    0.000000] SLUB: HWalign=64, Order=0-3, MinObjects=0, CPUs=2, Nodes=1
[    0.000000] Kernel/User page tables isolation: enabled
[    0.000000] Hierarchical RCU implementation.
[    0.000000] 	Build-time adjustment of leaf fanout to 64.
[    0.000000] 	RCU restricting CPUs from NR_CPUS=512 to nr_cpu_ids=2.
[    0.000000] RCU: Adjusting geometry for rcu_fanout_leaf=64, nr_cpu_ids=2
[    0.000000] NR_IRQS:33024 nr_irqs:440 16
[    0.000000] Console: colour VGA+ 80x25
[    0.000000] console [tty1] enabled
[    0.000000] console [ttyS0] enabled
[    0.000000] tsc: Detected 2494.226 MHz processor
[    0.204195] Calibrating delay loop (skipped) preset value.. 4988.45 BogoMIPS (lpj=9976904)
[    0.206550] pid_max: default: 32768 minimum: 301
[    0.207940] ACPI: Core revision 20150930
[    0.209816] ACPI: 2 ACPI AML tables successfully acquired and loaded
[    0.213209] Security Framework initialized
[    0.214414] Yama: becoming mindful.
[    0.215621] AppArmor: AppArmor initialized
[    0.216819] Dentry cache hash table entries: 131072 (order: 8, 1048576 bytes)
[    0.220103] Inode-cache hash table entries: 65536 (order: 7, 524288 bytes)
[    0.221947] Mount-cache hash table entries: 2048 (order: 2, 16384 bytes)
[    0.225197] Mountpoint-cache hash table entries: 2048 (order: 2, 16384 bytes)
[    0.227536] Initializing cgroup subsys io
[    0.229451] Initializing cgroup subsys memory
[    0.231144] Initializing cgroup subsys devices
[    0.232755] Initializing cgroup subsys freezer
[    0.233998] Initializing cgroup subsys net_cls
[    0.235249] Initializing cgroup subsys perf_event
[    0.236491] Initializing cgroup subsys net_prio
[    0.237818] Initializing cgroup subsys hugetlb
[    0.239764] Initializing cgroup subsys pids
[    0.248053] mce: CPU supports 0 MCE banks
[    0.249679] Last level iTLB entries: 4KB 1024, 2MB 1024, 4MB 1024
[    0.251913] Last level dTLB entries: 4KB 1024, 2MB 1024, 4MB 1024, 1GB 4
[    0.254001] Spectre V1 : Mitigation: usercopy/swapgs barriers and __user pointer sanitization
[    0.256796] Spectre V2 : Mitigation: Full generic retpoline
[    0.258417] Spectre V2 : Spectre v2 / SpectreRSB mitigation: Filling RSB on context switch
[    0.261638] Speculative Store Bypass: Vulnerable
[    0.263659] SRBDS: Unknown: Dependent on hypervisor status
[    0.267564] MDS: Mitigation: Clear CPU buffers
[    0.272360] Freeing SMP alternatives memory: 36K
[    0.285065] ftrace: allocating 32380 entries in 127 pages
[    0.345854] smpboot: APIC(0) Converting physical 0 to logical package 0
[    0.349108] smpboot: Max logical packages: 1
[    0.350530] x2apic enabled
[    0.351606] Switched APIC routing to physical x2apic.
[    0.354145] ..TIMER: vector=0x30 apic1=0 pin1=2 apic2=-1 pin2=-1
[    0.463884] smpboot: CPU0: Intel(R) Core(TM) i7-4870HQ CPU @ 2.50GHz (family: 0x6, model: 0x46, stepping: 0x1)
[    0.470277] Performance Events: unsupported p6 CPU model 70 no PMU driver, software events only.
[    0.488913] KVM setup paravirtual spinlock
[    0.490795] x86: Booting SMP configuration:
[    0.492418] .... node  #0, CPUs:      #1
[    0.493805] kvm-clock: cpu 1, msr 0:3ffe3041, secondary cpu clock
[    0.522366] mce: CPU supports 0 MCE banks
[    0.525366] x86: Booted up 1 node, 2 CPUs
[    0.527057] smpboot: Total of 2 processors activated (9976.90 BogoMIPS)
[    0.530294] devtmpfs: initialized
[    0.533162] evm: security.selinux
[    0.534535] evm: security.SMACK64
[    0.535554] evm: security.SMACK64EXEC
[    0.536652] evm: security.SMACK64TRANSMUTE
[    0.538084] evm: security.SMACK64MMAP
[    0.539251] evm: security.ima
[    0.540237] evm: security.capability
[    0.541373] clocksource: jiffies: mask: 0xffffffff max_cycles: 0xffffffff, max_idle_ns: 7645041785100000 ns
[    0.544281] futex hash table entries: 512 (order: 3, 32768 bytes)
[    0.546822] pinctrl core: initialized pinctrl subsystem
[    0.548531] RTC time: 10:37:00, date: 04/21/22
[    0.550325] NET: Registered protocol family 16
[    0.564177] cpuidle: using governor ladder
[    0.576517] cpuidle: using governor menu
[    0.578199] PCCT header not found.
[    0.579849] ACPI: bus type PCI registered
[    0.581061] acpiphp: ACPI Hot Plug PCI Controller Driver version: 0.5
[    0.583094] PCI: Using configuration type 1 for base access
[    0.597048] ACPI: Added _OSI(Module Device)
[    0.598434] ACPI: Added _OSI(Processor Device)
[    0.601045] ACPI: Added _OSI(3.0 _SCP Extensions)
[    0.602485] ACPI: Added _OSI(Processor Aggregator Device)
[    0.604544] ACPI: Executed 1 blocks of module-level executable AML code
[    0.608205] ACPI: Interpreter enabled
[    0.609420] ACPI: (supports S0 S5)
[    0.610415] ACPI: Using IOAPIC for interrupt routing
[    0.612318] PCI: Using host bridge windows from ACPI; if necessary, use "pci=nocrs" and report a bug
[    0.619565] ACPI: PCI Root Bridge [PCI0] (domain 0000 [bus 00-ff])
[    0.621312] acpi PNP0A03:00: _OSC: OS supports [ASPM ClockPM Segments MSI]
[    0.623870] acpi PNP0A03:00: _OSC: not requesting OS control; OS requires [ExtendedConfig ASPM ClockPM MSI]
[    0.626681] acpi PNP0A03:00: fail to add MMCONFIG information, can't access extended PCI configuration space under this bridge.
[    0.631195] PCI host bridge to bus 0000:00
[    0.632629] pci_bus 0000:00: root bus resource [io  0x0000-0x0cf7 window]
[    0.634987] pci_bus 0000:00: root bus resource [io  0x0d00-0xffff window]
[    0.636601] pci_bus 0000:00: root bus resource [mem 0x000a0000-0x000bffff window]
[    0.638424] pci_bus 0000:00: root bus resource [mem 0x40000000-0xfdffffff window]
[    0.640577] pci_bus 0000:00: root bus resource [bus 00-ff]
[    0.644968] pci 0000:00:01.1: legacy IDE quirk: reg 0x10: [io  0x01f0-0x01f7]
[    0.646906] pci 0000:00:01.1: legacy IDE quirk: reg 0x14: [io  0x03f6]
[    0.648695] pci 0000:00:01.1: legacy IDE quirk: reg 0x18: [io  0x0170-0x0177]
[    0.660016] pci 0000:00:01.1: legacy IDE quirk: reg 0x1c: [io  0x0376]
[    0.677741] pci 0000:00:07.0: quirk: [io  0x4000-0x403f] claimed by PIIX4 ACPI
[    0.679896] pci 0000:00:07.0: quirk: [io  0x4100-0x410f] claimed by PIIX4 SMB
[    0.691385] ACPI: PCI Interrupt Link [LNKA] (IRQs 5 9 10 *11)
[    0.694025] ACPI: PCI Interrupt Link [LNKB] (IRQs 5 9 *10 11)
[    0.697175] ACPI: PCI Interrupt Link [LNKC] (IRQs 5 *9 10 11)
[    0.700039] ACPI: PCI Interrupt Link [LNKD] (IRQs 5 9 10 *11)
[    0.702111] ACPI: Enabled 2 GPEs in block 00 to 07
[    0.703684] vgaarb: setting as boot device: PCI:0000:00:02.0
[    0.705223] vgaarb: device added: PCI:0000:00:02.0,decodes=io+mem,owns=io+mem,locks=none
[    0.707349] vgaarb: loaded
[    0.708128] vgaarb: bridge control possible 0000:00:02.0
[    0.709697] SCSI subsystem initialized
[    0.711047] ACPI: bus type USB registered
[    0.712838] usbcore: registered new interface driver usbfs
[    0.715190] usbcore: registered new interface driver hub
[    0.716865] usbcore: registered new device driver usb
[    0.720106] PCI: Using ACPI for IRQ routing
[    0.721721] NetLabel: Initializing
[    0.722654] NetLabel:  domain hash size = 128
[    0.723881] NetLabel:  protocols = UNLABELED CIPSOv4
[    0.725439] NetLabel:  unlabeled traffic allowed by default
[    0.726938] amd_nb: Cannot enumerate AMD northbridges
[    0.729648] clocksource: Switched to clocksource kvm-clock
[    0.738603] AppArmor: AppArmor Filesystem Enabled
[    0.739997] pnp: PnP ACPI init
[    0.742125] pnp: PnP ACPI: found 3 devices
[    0.752739] clocksource: acpi_pm: mask: 0xffffff max_cycles: 0xffffff, max_idle_ns: 2085701024 ns
[    0.755002] NET: Registered protocol family 2
[    0.756257] TCP established hash table entries: 8192 (order: 4, 65536 bytes)
[    0.757922] TCP bind hash table entries: 8192 (order: 5, 131072 bytes)
[    0.759497] TCP: Hash tables configured (established 8192 bind 8192)
[    0.761384] UDP hash table entries: 512 (order: 2, 16384 bytes)
[    0.763526] UDP-Lite hash table entries: 512 (order: 2, 16384 bytes)
[    0.765691] NET: Registered protocol family 1
[    0.767502] pci 0000:00:00.0: Limiting direct PCI/PCI transfers
[    0.769189] pci 0000:00:01.0: Activating ISA DMA hang workarounds
[    0.771158] Unpacking initramfs...
[    0.982758] Freeing initrd memory: 14888K
[    0.984050] clocksource: tsc: mask: 0xffffffffffffffff max_cycles: 0x23f3eb3743e, max_idle_ns: 440795257847 ns
[    0.987226] platform rtc_cmos: registered platform RTC device (no PNP device found)
[    0.989682] Scanning for low memory corruption every 60 seconds
[    0.991746] audit: initializing netlink subsys (disabled)
[    0.993186] audit: type=2000 audit(1650537426.669:1): initialized
[    0.995460] Initialise system trusted keyring
[    0.996881] HugeTLB registered 2 MB page size, pre-allocated 0 pages
[    0.999853] zbud: loaded
[    1.000872] VFS: Disk quotas dquot_6.6.0
[    1.001936] VFS: Dquot-cache hash table entries: 512 (order 0, 4096 bytes)
[    1.003786] squashfs: version 4.0 (2009/01/31) Phillip Lougher
[    1.005832] fuse init (API version 7.23)
[    1.007444] Key type big_key registered
[    1.009459] Allocating IMA MOK and blacklist keyrings.
[    1.012493] Key type asymmetric registered
[    1.013609] Asymmetric key parser 'x509' registered
[    1.015048] Block layer SCSI generic (bsg) driver version 0.4 loaded (major 249)
[    1.018161] io scheduler noop registered
[    1.019356] io scheduler deadline registered (default)
[    1.020853] io scheduler cfq registered
[    1.022109] pci_hotplug: PCI Hot Plug PCI Core version: 0.5
[    1.023792] pciehp: PCI Express Hot Plug Controller Driver version: 0.4
[    1.025814] ACPI: AC Adapter [AC] (on-line)
[    1.027146] input: Power Button as /devices/LNXSYSTM:00/LNXPWRBN:00/input/input0
[    1.029753] ACPI: Power Button [PWRF]
[    1.030884] input: Sleep Button as /devices/LNXSYSTM:00/LNXSLPBN:00/input/input1
[    1.032956] ACPI: Sleep Button [SLPF]
[    1.035274] ACPI: Battery Slot [BAT0] (battery present)
[    1.036789] GHES: HEST is not enabled!
[    1.037868] Serial: 8250/16550 driver, 32 ports, IRQ sharing enabled
[    1.060646] 00:02: ttyS0 at I/O 0x3f8 (irq = 4, base_baud = 115200) is a 16550A
[    1.065162] Linux agpgart interface v0.103
[    1.068645] loop: module loaded
[    1.070174] scsi host0: ata_piix
[    1.071460] scsi host1: ata_piix
[    1.072676] ata1: PATA max UDMA/33 cmd 0x1f0 ctl 0x3f6 bmdma 0xd000 irq 14
[    1.074988] ata2: PATA max UDMA/33 cmd 0x170 ctl 0x376 bmdma 0xd008 irq 15
[    1.079654] libphy: Fixed MDIO Bus: probed
[    1.081556] tun: Universal TUN/TAP device driver, 1.6
[    1.083343] tun: (C) 1999-2004 Max Krasnyansky <maxk@qualcomm.com>
[    1.085370] PPP generic driver version 2.4.2
[    1.086790] ehci_hcd: USB 2.0 'Enhanced' Host Controller (EHCI) Driver
[    1.088746] ehci-pci: EHCI PCI platform driver
[    1.090768] ehci-platform: EHCI generic platform driver
[    1.092571] ohci_hcd: USB 1.1 'Open' Host Controller (OHCI) Driver
[    1.095033] ohci-pci: OHCI PCI platform driver
[    1.096829] ohci-platform: OHCI generic platform driver
[    1.099469] uhci_hcd: USB Universal Host Controller Interface driver
[    1.101170] i8042: PNP: PS/2 Controller [PNP0303:PS2K,PNP0f03:PS2M] at 0x60,0x64 irq 1,12
[    1.104660] serio: i8042 KBD port at 0x60,0x64 irq 1
[    1.106596] serio: i8042 AUX port at 0x60,0x64 irq 12
[    1.108961] mousedev: PS/2 mouse device common for all mice
[    1.111436] rtc_cmos rtc_cmos: rtc core: registered rtc_cmos as rtc0
[    1.114367] rtc_cmos rtc_cmos: alarms up to one day, 114 bytes nvram
[    1.116360] i2c /dev entries driver
[    1.117433] input: AT Translated Set 2 keyboard as /devices/platform/i8042/serio0/input/input2
[    1.121097] device-mapper: uevent: version 1.0.3
[    1.122827] device-mapper: ioctl: 4.34.0-ioctl (2015-10-28) initialised: dm-devel@redhat.com
[    1.125753] ledtrig-cpu: registered to indicate activity on CPUs
[    1.129435] NET: Registered protocol family 10
[    1.132495] NET: Registered protocol family 17
[    1.135045] Key type dns_resolver registered
[    1.137249] registered taskstats version 1
[    1.138814] Loading compiled-in X.509 certificates
[    1.141416] Loaded X.509 cert 'Build time autogenerated kernel key: cf00e047681d67edb2720680708b7d9498083038'
[    1.146104] zswap: loaded using pool lzo/zbud
[    1.150596] Key type trusted registered
[    1.154925] Key type encrypted registered
[    1.156355] AppArmor: AppArmor sha1 policy hashing enabled
[    1.157871] ima: No TPM chip found, activating TPM-bypass!
[    1.159680] ima: Allocated hash algorithm: sha1
[    1.161210] evm: HMAC attrs: 0x1
[    1.162858]   Magic number: 2:207:629
[    1.164036] rtc_cmos rtc_cmos: setting system clock to 2022-04-21 10:37:01 UTC (1650537421)
[    1.166787] BIOS EDD facility v0.16 2004-Jun-25, 0 devices found
[    1.168280] EDD information not available.
[    1.263762] Freeing unused kernel memory: 1492K
[    1.265994] Write protecting the kernel read-only data: 14336k
[    1.268491] Freeing unused kernel memory: 1584K
[    1.270330] Freeing unused kernel memory: 52K
Loading, please wait...
starting version 229
[    1.288810] random: systemd-udevd: uninitialized urandom read (16 bytes read, 2 bits of entropy available)
[    1.289358] random: udevadm: uninitialized urandom read (16 bytes read, 2 bits of entropy available)
[    1.289378] random: udevadm: uninitialized urandom read (16 bytes read, 2 bits of entropy available)
[    1.298846] random: udevadm: uninitialized urandom read (16 bytes read, 2 bits of entropy available)
[    1.298918] random: udevadm: uninitialized urandom read (16 bytes read, 2 bits of entropy available)
[    1.299114] random: udevadm: uninitialized urandom read (16 bytes read, 2 bits of entropy available)
[    1.299201] random: udevadm: uninitialized urandom read (16 bytes read, 2 bits of entropy available)
[    1.299318] random: udevadm: uninitialized urandom read (16 bytes read, 2 bits of entropy available)
[    1.299426] random: udevadm: uninitialized urandom read (16 bytes read, 2 bits of entropy available)
[    1.299525] random: udevadm: uninitialized urandom read (16 bytes read, 2 bits of entropy available)
[    1.365534] Fusion MPT base driver 3.04.20
[    1.372080] Copyright (c) 1999-2008 LSI Corporation
[    1.387745] e1000: Intel(R) PRO/1000 Network Driver - version 7.3.21-k8-NAPI
[    1.390837] e1000: Copyright (c) 1999-2006 Intel Corporation.
[    1.417753] AVX2 version of gcm_enc/dec engaged.
[    1.419919] AES CTR mode by8 optimization enabled
[    1.431035] Fusion MPT SPI Host driver 3.04.20
[    1.616377] input: ImExPS/2 Generic Explorer Mouse as /devices/platform/i8042/serio1/input/input4
[    1.852053] e1000 0000:00:03.0 eth0: (PCI:33MHz:32-bit) 02:be:82:6b:cc:1d
[    1.853977] e1000 0000:00:03.0 eth0: Intel(R) PRO/1000 Network Connection
[    1.856878] mptbase: ioc0: Initiating bringup
[    1.922438] ioc0: LSI53C1030 A0: Capabilities={Initiator}
[    2.087986] scsi host2: ioc0: LSI53C1030 A0, FwRev=00000000h, Ports=1, MaxQ=256, IRQ=20
[    2.206617] scsi 2:0:0:0: Direct-Access     VBOX     HARDDISK         1.0  PQ: 0 ANSI: 5
[    2.209812] scsi target2:0:0: Beginning Domain Validation
[    2.213375] scsi target2:0:0: Domain Validation skipping write tests
[    2.215160] scsi target2:0:0: Ending Domain Validation
[    2.216823] scsi target2:0:0: asynchronous
[    2.218833] scsi 2:0:1:0: Direct-Access     VBOX     HARDDISK         1.0  PQ: 0 ANSI: 5
[    2.221116] scsi target2:0:1: Beginning Domain Validation
[    2.223441] scsi target2:0:1: Domain Validation skipping write tests
[    2.225034] scsi target2:0:1: Ending Domain Validation
[    2.226559] scsi target2:0:1: asynchronous
[    2.254821] sd 2:0:0:0: Attached scsi generic sg0 type 0
[    2.256973] sd 2:0:0:0: [sda] 83886080 512-byte logical blocks: (42.9 GB/40.0 GiB)
[    2.260655] sd 2:0:1:0: [sdb] 20480 512-byte logical blocks: (10.5 MB/10.0 MiB)
[    2.264230] sd 2:0:1:0: Attached scsi generic sg1 type 0
[    2.267669] sd 2:0:0:0: [sda] Write Protect is off
[    2.269781] sd 2:0:1:0: [sdb] Write Protect is off
[    2.271974] sd 2:0:0:0: [sda] Incomplete mode parameter data
[    2.273588] sd 2:0:0:0: [sda] Assuming drive cache: write through
[    2.275545] sd 2:0:1:0: [sdb] Incomplete mode parameter data
[    2.277494] sd 2:0:1:0: [sdb] Assuming drive cache: write through
[    2.283354]  sda: sda1
[    2.286101] sd 2:0:0:0: [sda] Attached SCSI disk
[    2.288321] sd 2:0:1:0: [sdb] Attached SCSI disk
[    2.623591] e1000 0000:00:08.0 eth1: (PCI:33MHz:32-bit) 08:00:27:55:38:1b
[    2.625459] e1000 0000:00:08.0 eth1: Intel(R) PRO/1000 Network Connection
[    2.629257] e1000 0000:00:08.0 enp0s8: renamed from eth1
[    2.638474] e1000 0000:00:03.0 enp0s3: renamed from eth0
Begin: Loading essential drivers ... [    3.992051] md: linear personality registered for level -1
[    3.997956] md: multipath personality registered for level -4
[    4.002268] md: raid0 personality registered for level 0
[    4.007790] md: raid1 personality registered for level 1
[    4.085736] raid6: sse2x1   gen()  9368 MB/s
[    4.153724] raid6: sse2x1   xor()  7373 MB/s
[    4.221740] raid6: sse2x2   gen() 11975 MB/s
[    4.289726] raid6: sse2x2   xor()  8081 MB/s
[    4.357752] raid6: sse2x4   gen() 14000 MB/s
[    4.425736] raid6: sse2x4   xor()  9541 MB/s
[    4.493741] raid6: avx2x1   gen() 18098 MB/s
[    4.561817] raid6: avx2x2   gen() 19940 MB/s
[    4.629794] raid6: avx2x4   gen() 24192 MB/s
[    4.631879] raid6: using algorithm avx2x4 gen() 24192 MB/s
[    4.633620] raid6: using avx2x2 recovery algorithm
[    4.636863] xor: automatically using best checksumming function:
[    4.677731]    avx       : 27036.000 MB/sec
[    4.680875] async_tx: api initialized (async)
[    4.691558] md: raid6 personality registered for level 6
[    4.693280] md: raid5 personality registered for level 5
[    4.694983] md: raid4 personality registered for level 4
[    4.704105] md: raid10 personality registered for level 10
done.
Begin: Running /scripts/init-premount ... done.
Begin: Mounting root file system ... Begin: Running /scripts/local-top ... done.
Begin: Running /scripts/local-premount ... [    4.740538] Btrfs loaded
Scanning for Btrfs filesystems
done.
Warning: fsck not present, so skipping root file system
[    4.773308] EXT4-fs (sda1): mounted filesystem with ordered data mode. Opts: (null)
done.
Begin: Running /scripts/local-bottom ... done.
Begin: Running /scripts/init-bottom ... done.
[    4.888940] systemd[1]: systemd 229 running in system mode. (+PAM +AUDIT +SELINUX +IMA +APPARMOR +SMACK +SYSVINIT +UTMP +LIBCRYPTSETUP +GCRYPT +GNUTLS +ACL +XZ -LZ4 +SECCOMP +BLKID +ELFUTILS +KMOD -IDN)
[    4.894449] systemd[1]: Detected virtualization oracle.
[    4.896763] systemd[1]: Detected architecture x86-64.

Welcome to [1mUbuntu 16.04.7 LTS[0m!

[    4.904588] systemd[1]: Set hostname to <ubuntu>.
[    4.908878] systemd[1]: Initializing machine ID from random generator.
[    4.910570] systemd[1]: Installed transient /etc/machine-id file.
[    5.092267] systemd[1]: Listening on LVM2 poll daemon socket.
[[0;32m  OK  [0m] Listening on LVM2 poll daemon socket.
[    5.095672] systemd[1]: Reached target Encrypted Volumes.
[[0;32m  OK  [0m] Reached target Encrypted Volumes.
[    5.098521] systemd[1]: Reached target User and Group Name Lookups.
[[0;32m  OK  [0m] Reached target User and Group Name Lookups.
[    5.101401] systemd[1]: Listening on LVM2 metadata daemon socket.
[[0;32m  OK  [0m] Listening on LVM2 metadata daemon socket.
[    5.104335] systemd[1]: Listening on Journal Audit Socket.
[[0;32m  OK  [0m] Listening on Journal Audit Socket.
[    5.114706] systemd[1]: Set up automount Arbitrary Executable File Formats File System Automount Point.
[[0;32m  OK  [0m] Set up automount Arbitrary Executab...ats File System Automount Point.
[    5.126423] systemd[1]: Listening on Journal Socket (/dev/log).
[[0;32m  OK  [0m] Listening on Journal Socket (/dev/log).
[    5.130279] systemd[1]: Listening on udev Control Socket.
[[0;32m  OK  [0m] Listening on udev Control Socket.
[    5.138342] systemd[1]: Reached target System Time Synchronized.
[[0;32m  OK  [0m] Reached target System Time Synchronized.
[    5.141494] systemd[1]: Listening on fsck to fsckd communication Socket.
[[0;32m  OK  [0m] Listening on fsck to fsckd communication Socket.
[    5.144569] systemd[1]: Created slice System Slice.
[[0;32m  OK  [0m] Created slice System Slice.
[    5.147585] systemd[1]: Created slice system-serial\x2dgetty.slice.
[[0;32m  OK  [0m] Created slice system-serial\x2dgetty.slice.
[    5.150877] systemd[1]: Reached target Swap.
[[0;32m  OK  [0m] Reached target Swap.
[    5.153476] systemd[1]: Created slice User and Session Slice.
[[0;32m  OK  [0m] Created slice User and Session Slice.
[    5.156464] systemd[1]: Started Forward Password Requests to Wall Directory Watch.
[[0;32m  OK  [0m] Started Forward Password Requests to Wall Directory Watch.
[    5.160107] systemd[1]: Listening on /dev/initctl Compatibility Named Pipe.
[[0;32m  OK  [0m] Listening on /dev/initctl Compatibility Named Pipe.
[    5.164457] systemd[1]: Reached target Slices.
[[0;32m  OK  [0m] Reached target Slices.
[    5.167084] systemd[1]: Listening on Journal Socket.
[[0;32m  OK  [0m] Listening on Journal Socket.
[    5.181926] systemd[1]: Starting Create list of required static device nodes for the current kernel...
         Starting Create list of required st... nodes for the current kernel...
[    5.187464] systemd[1]: Mounting Debug File System...
         Mounting Debug File System...
[    5.191416] systemd[1]: Mounting POSIX Message Queue File System...
         Mounting POSIX Message Queue File System...
[    5.195391] systemd[1]: Starting Nameserver information manager...
         Starting Nameserver information manager...
[    5.208173] systemd[1]: Starting Load Kernel Modules...
         Starting Load Kernel Modules...
[    5.217455] Loading iSCSI transport class v2.0-870.
[    5.219571] systemd[1]: Starting Set console keymap...
         Starting Set console keymap...
[    5.224844] systemd[1]: Mounting Huge Pages File System...
         Mounting Huge Pages File System...
[    5.228937] systemd[1]: Started Trigger resolvconf update for networkd DNS.
[    5.232223] iscsi: registered transport (tcp)
[[0;32m  OK  [0m] Started Trigger resolvconf update for networkd DNS.
[    5.242032] systemd[1]: Listening on Syslog Socket.
[[0;32m  OK  [0m] Listening on Syslog Socket.
[    5.251608] systemd[1]: Starting Journal Service...
         Starting Journal Service...
[    5.255128] systemd[1]: Starting Uncomplicated firewall...
         Starting Uncomplicated firewall...
[    5.262863] systemd[1]: Starting File System Check on Root Device...
         Starting File System Check on Root Device...
[    5.268644] systemd[1]: Listening on Device-mapper event daemon FIFOs.
[[0;32m  OK  [0m] Listening on Device-mapper event daemon FIFOs.
[    5.272675] systemd[1]: Starting Monitoring of LVM2 mirrors, snapshots etc. using dmeventd or progress polling...
         Starting Monitoring of LVM2 mirrors... dmeventd or progress polling...
[    5.279433] systemd[1]: Listening on udev Kernel Socket.
[[0;32m  OK  [0m] Listening on udev Kernel Socket.
[    5.284123] systemd[1]: Mounted Huge Pages File System.
[[0;32m  OK  [0m] Mounted Huge Pages File System.
[    5.287038] systemd[1]: Mounted POSIX Message Queue File System.
[[0;32m  OK  [0m] Mounted POSIX Message Queue File System.
[    5.290684] systemd[1]: Mounted Debug File System.
[    5.292461] iscsi: registered transport (iser)
[[0;32m  OK  [0m] Mounted Debug File System.
[    5.295486] systemd[1]: Started Journal Service.
[[0;32m  OK  [0m] Started Journal Service.
[[0;32m  OK  [0m] Started Create list of required sta...ce nodes for the current kernel.
[[0;32m  OK  [0m] Started Load Kernel Modules.
[[0;32m  OK  [0m] Started Uncomplicated firewall.
[[0;32m  OK  [0m] Started File System Check on Root Device.
[[0;32m  OK  [0m] Started LVM2 metadata daemon.
[[0;32m  OK  [0m] Started File System Check Daemon to report status.
         Starting Remount Root and Kernel File Systems...
[    5.332040] EXT4-fs (sda1): re-mounted. Opts: (null)
         Mounting FUSE Control File System...
         Starting Apply Kernel Variables...
         Starting Create Static Device Nodes in /dev...
[[0;32m  OK  [0m] Mounted FUSE Control File System.
[[0;32m  OK  [0m] Started Set console keymap.
[[0;32m  OK  [0m] Started Nameserver information manager.
[[0;32m  OK  [0m] Started Remount Root and Kernel File Systems.
[[0;32m  OK  [0m] Started Apply Kernel Variables.
         Starting udev Coldplug all Devices...
         Starting Load/Save Random Seed...
         Starting Flush Journal to Persistent Storage...
[[0;32m  OK  [0m] Started Create Static Device Nodes in /dev.
[[0;32m  OK  [0m] Started Load/Save Random Seed.
         Starting udev Kernel Device Manager...
[[0;32m  OK  [0m] Started Flush Journal to Persistent Storage.
[[0;32m  OK  [0m] Started udev Kernel Device Manager.
[[0;32m  OK  [0m] Started udev Coldplug all Devices.
[[0;32m  OK  [0m] Started Dispatch Password Requests to Console Directory Watch.
[[0;32m  OK  [0m] Started Monitoring of LVM2 mirrors,...ng dmeventd or progress polling.
[[0;32m  OK  [0m] Reached target Local File Systems (Pre).
[[0;32m  OK  [0m] Reached target Local File Systems.
         Starting Set console font and keymap...
         Starting Commit a transient machine-id on disk...
         Starting Tell Plymouth To Write Out Runtime Data...
         Starting LSB: AppArmor initialization...
         Starting Initial cloud-init job (pre-networking)...
         Starting Create Volatile Files and Directories...
[[0;32m  OK  [0m] Started Tell Plymouth To Write Out Runtime Data.
[[0;32m  OK  [0m] Started Create Volatile Files and Directories.
[[0;32m  OK  [0m] Started Commit a transient machine-id on disk.
         Starting Update UTMP about System Boot/Shutdown...
[[0;32m  OK  [0m] Started Update UTMP about System Boot/Shutdown.
[[0;32m  OK  [0m] Found device /dev/ttyS0.
[[0;32m  OK  [0m] Listening on Load/Save RF Kill Switch Status /dev/rfkill Watch.
[[0;32m  OK  [0m] Started Set console font and keymap.
[    6.644142] cloud-init[503]: Cloud-init v. 21.1-19-gbad84ad4-0ubuntu1~16.04.2 running 'init-local' at Thu, 21 Apr 2022 10:37:06 +0000. Up 6.25 seconds.
[[0;32m  OK  [0m] Started LSB: AppArmor initialization.
         Starting Load AppArmor profiles managed internally by snapd...
[[0;32m  OK  [0m] Created slice system-getty.slice.
[[0;32m  OK  [0m] Started Initial cloud-init job (pre-networking).
[[0;32m  OK  [0m] Started Load AppArmor profiles managed internally by snapd.
[[0;32m  OK  [0m] Reached target Network (Pre).
         Starting Raise network interfaces...
[[0;32m  OK  [0m] Started Raise network interfaces.
[[0;32m  OK  [0m] Reached target Network.
         Starting Initial cloud-init job (metadata service crawler)...
[    8.337162] cloud-init[964]: Cloud-init v. 21.1-19-gbad84ad4-0ubuntu1~16.04.2 running 'init' at Thu, 21 Apr 2022 10:37:08 +0000. Up 7.71 seconds.
[    8.339810] cloud-init[964]: ci-info: ++++++++++++++++++++++++++++++++++++++Net device info+++++++++++++++++++++++++++++++++++++++
[    8.348481] cloud-init[964]: ci-info: +--------+-------+----------------------------+---------------+--------+-------------------+
[    8.356431] cloud-init[964]: ci-info: | Device |   Up  |          Address           |      Mask     | Scope  |     Hw-Address    |
[    8.358066] cloud-init[964]: ci-info: +--------+-------+----------------------------+---------------+--------+-------------------+
[    8.359845] cloud-init[964]: ci-info: | enp0s3 |  True |         10.0.2.15          | 255.255.255.0 | global | 02:be:82:6b:cc:1d |
[    8.362184] cloud-init[964]: ci-info: | enp0s3 |  True | fe80::be:82ff:fe6b:cc1d/64 |       .       |  link  | 02:be:82:6b:cc:1d |
[    8.364318] cloud-init[964]: ci-info: | enp0s8 | False |             .              |       .       |   .    | 08:00:27:55:38:1b |
[    8.366724] cloud-init[964]: ci-info: |   lo   |  True |         127.0.0.1          |   255.0.0.0   |  host  |         .         |
[    8.368536] cloud-init[964]: ci-info: |   lo   |  True |          ::1/128           |       .       |  host  |         .         |
[    8.370308] cloud-init[964]: ci-info: +--------+-------+----------------------------+---------------+--------+-------------------+
[    8.372955] cloud-init[964]: ci-info: +++++++++++++++++++++++++++Route IPv4 info++++++++++++++++++++++++++++
[    8.380434] cloud-init[964]: ci-info: +-------+-------------+----------+---------------+-----------+-------+
[    8.388849] cloud-init[964]: ci-info: | Route | Destination | Gateway  |    Genmask    | Interface | Flags |
[    8.396407] cloud-init[964]: ci-info: +-------+-------------+----------+---------------+-----------+-------+
[    8.404459] cloud-init[964]: ci-info: |   0   |   0.0.0.0   | 10.0.2.2 |    0.0.0.0    |   enp0s3  |   UG  |
[    8.405843] cloud-init[964]: ci-info: |   1   |   10.0.2.0  | 0.0.0.0  | 255.255.255.0 |   enp0s3  |   U   |[
[0;32m  OK  [0m] Started Initial cloud-init job (metadata service crawler).
[    8.406286] cloud-init[964]: ci-info: +-------+-------------+----------+---------------+-----------+-------+
[    8.420575] cloud-init[964]: ci-info: +++++++++++++++++++Route IPv6 info+++++++++++++++++++
[    8.420831] cloud-init[964]: ci-info: +-------+-------------+---------+-----------+-------+
[    8.421324] cloud-init[964]: ci-info: | Route | Destination | Gateway | Interface | Flags |
[    8.422818] cloud-init[964]: ci-info: +-------+-------------+---------+-----------+-------+
[    8.423484] cloud-init[964]: ci-info: |   0   |  fe80::/64  |    ::   |   enp0s3  |   U   |
[    8.423684] cloud-init[964]: ci-info: |   3   |   ff00::/8  |    ::   |   enp0s3  |   U   |
[    8.424373] cloud-init[964]: ci-info: +-------+-------------+---------+-----------+-------+
[    8.424758] cloud-init[964]: Generating public/private rsa key pair.
[    8.425044] cloud-init[964]: Your identification has been saved in /etc/ssh/ssh_host_rsa_key.
[    8.425316] cloud-init[964]: Your public key has been saved in /etc/ssh/ssh_host_rsa_key.pub.
[    8.425761] cloud-init[964]: The key fingerprint is:
[    8.425916] cloud-init[964]: SHA256:GyarigREDG331HniXFGd4lhI+4EDxDgCUt1AQ8K7geo root@ubuntu-xenial
[    8.426027] cloud-init[964]: The key's randomart image is:
[    8.426059] cloud-init[964]: +---[RSA 2048]----+
[    8.426091] cloud-init[964]: |==+==o =ooo+.. . |
[    8.426731] cloud-init[964]: |.o+.+.= =.+oo o  |
[[0;32m  OK  [0m] Reached target System Initialization.
[[0;32m  OK  [0m] Started Ubuntu Advantage update messaging.
[[0;32m  OK  [0m] Listening on UUID daemon activation socket.
[[0;32m  OK  [0m] Started Daily Cleanup of Temporary Directories.
[[0;32m  OK  [0m] Started Message of the Day.
[    8.426889] cloud-init[964]: | + o + + +++..   |
[    8.456446] cloud-init[964]: |o o   . o .o..   |
[[0;32m  OK  [0m] Started ACPI Events Check.
[[0;32m  OK  [0m] Reached target Paths.
[[0;32m  OK  [0m] Listening on ACPID Listen Socket.
[[0;32m  OK  [0m] Listening on D-Bus System Message Bus Socket.
[    8.467869] cloud-init[964]: |o  o  . S   .    |
[    8.482633] cloud-init[964]: |o .    + o       |
[    8.488679] cloud-init[964]: |..    . .        |
[    8.496437] cloud-init[964]: |.E   .           |
[    8.497692] cloud-init[964]: |. ...            |
[    8.498630] cloud-init[964]: +----[SHA256]-----+
[    8.499595] cloud-init[964]: Generating public/private dsa key pair.
         Starting Socket activation for snappy daemon.
[[0;32m  OK  [0m] Started Daily apt download activities.
[[0;32m  OK  [0m] Started Daily apt upgrade and clean activities.
[    8.504351] cloud-init[964]: Your identification has been saved in /etc/ssh/ssh_host_dsa_key.
[    8.520827] cloud-init[964]: Your public key has been saved in /etc/ssh/ssh_host_dsa_key.pub.
[    8.523056] cloud-init[964]: The key fingerprint is:
[    8.524258] cloud-init[964]: SHA256:73y6wHCcYjDNh9Gxeq5Zcu1Ed8p7es9v6sXKqg4ekt8 root@ubuntu-xenial
         Starting LXD - unix socket.
[[0;32m  OK  [0m] Reached target Timers.
[[0;32m  OK  [0m] Reached target Cloud-config availability.
[[0;32m  OK  [0m] Reached target Network is Online.
[    8.529493] cloud-init[964]: The key's randomart image is:
[    8.536356] cloud-init[964]: +---[DSA 1024]----+
[    8.537541] cloud-init[964]: |      ....       |
[    8.538870] cloud-init[964]: |     o o..       |
[    8.540340] cloud-init[964]: |    o + o        |
[    8.541325] cloud-init[964]: |     o + .       |
[    8.542685] cloud-init[964]: |      = S . . .  |
[    8.543574] cloud-init[964]: |     . O + o o . |
[    8.552364] cloud-init[964]: |      + O + o   o|
[    8.552640] cloud-init[964]: |       X X  .oo+.|
[    8.552721] cloud-init[964]: |      o o.E=+*=+=|
[    8.554339] cloud-init[964]: +----[SHA256]-----+
[    8.554509] cloud-init[964]: Generating public/private ecdsa key pair.
[    8.555024] cloud-init[964]: Your identification has been saved in /etc/ssh/ssh_host_ecdsa_key.
[    8.555841] cloud-init[964]: Your public key has been saved in /etc/ssh/ssh_host_ecdsa_key.pub.
[    8.556398] cloud-init[964]: The key fingerprint is:         
Starting iSCSI initiator daemon (iscsid)...[    8.562124] cloud-init[964]: SHA256:B9KygTih8x1wGpfcq/Y7pdTLVPXdr9hXwwUb4e/23Hs root@ubuntu-xenial
[    8.563041] cloud-init[964]: The key's randomart image is:
[    8.564351] cloud-init[964]: +---[ECDSA 256]---+
[    8.564505] cloud-init[964]: |  +.oo        .. |
[    8.565838] cloud-init[964]: | . Oo...    ..o  |
[    8.566725] cloud-init[964]: |o + o +.o  . ..=.|
[    8.567147] cloud-init[964]: | o o ..= ..   o.+|
[    8.567433] cloud-init[964]: |  . ....S..   . +|
[    8.567963] cloud-init[964]: |    o . +.     +o|
[    8.568735] cloud-init[964]: |   . o = .   o .=|
[    8.568999] cloud-init[964]: |      + o   . ooE|
[    8.569142] cloud-init[964]: |      .o       o*|
[    8.569185] cloud-init[964]: +----[SHA256]-----+
[    8.569232] cloud-init[964]: Generating public/private ed25519 key pair.
[    8.569273] cloud-init[964]: Your identification has been saved in /etc/ssh/ssh_host_ed25519_key.
[    8.569854] cloud-init[964]: Your public key has been saved in /etc/ssh/ssh_host_ed25519_key.pub.
[    8.569917] cloud-init[964]: The key fingerprint is:
[    8.570439] cloud-init[964]: SHA256:SykMB9m4wf+YGbvnFz+hYzpZZY58Umn2LvvcHoWHAWk root@ubuntu-xenial
[    8.572435] cloud-init[964]: The key's randomart image is:
[    8.572667] cloud-init[964]: +--[ED25519 256]--+

[[0;32m  OK  [0m] Listening on Socket activation for snappy daemon.
[[0;32m  OK  [0m] Listening on LXD - unix socket.
[    8.573556] cloud-init[964]: |   ..+      ..   |
[    8.597209] cloud-init[964]: |    =..     E.   |
[    8.599369] cloud-init[964]: |    .+.    . ..  |
[[0;32m  OK  [0m] Reached target Sockets.
[[0;32m  OK  [0m] Reached target Basic System.
[    8.603773] cloud-init[964]: |    .+o  .  B  + |
[    8.612280]          Starting LSB: Record successful boot for GRUB...
cloud-init[964]: |      oBS. O .o o|
         Starting Pollinate to seed the pseudo random number generator...
[    8.615579] cloud-init[964]: |      =o..* + ...|[[0;32m  OK  [0m] Started ACPI event daemon.

[    8.626191]          Starting LSB: MD monitoring daemon...
cloud-init[[0;32m  OK  [0m] Started Regular background program processing daemon.
         Starting Virtualbox guest utils...
         Starting Login Service...
[964]: [[0;32m  OK  [0m] Started Deferred execution scheduler.
|       ..o * o . |
         Starting /etc/rc.local Compatibility...
[[0;32m  OK  [0m] Started D-Bus System Message Bus.
[    8.634297] cloud-init[964]: |      . + = +....|
[    8.647516] cloud-init[964]: |       oo= ..=o.o|
[    8.649399] cloud-init[964]: +----[SHA256]-----+
         Starting Accounts Service...
[[0;32m  OK  [0m] Started FUSE filesystem for LXC.
         Starting LXD - container startup/shutdown...
         Starting Snap Daemon...
         Starting System Logging Service...
[[0;32m  OK  [0m] Started iSCSI initiator daemon (iscsid).
[[0;32m  OK  [0m] Started /etc/rc.local Compatibility.
         Starting Login to default iSCSI targets...
[[0;32m  OK  [0m] Started LSB: Record successful boot for GRUB.
[[0;32m  OK  [0m] Started Login Service.
[[0;32m  OK  [0m] Started Unattended Upgrades Shutdown.
[[0;32m  OK  [0m] Started LSB: MD monitoring daemon.
[[0;32m  OK  [0m] Started System Logging Service.
         Starting Authenticate and Authorize Users to Run Privileged Tasks...
[[0;32m  OK  [0m] Started Login to default iSCSI targets.
[[0;32m  OK  [0m] Reached target Remote File Systems (Pre).
[[0;32m  OK  [0m] Reached target Remote File Systems.
         Starting LSB: daemon to balance interrupts for SMP systems...
         Starting LSB: Set the CPU Frequency Scaling governor to "ondemand"...
         Starting LSB: automatic crash report generation...
         Starting Permit User Sessions...
[[0;32m  OK  [0m] Started Permit User Sessions.
         Starting Terminate Plymouth Boot Screen...
         Starting Hold until boot process finishes up...
[[0;32m  OK  [0m] Started LSB: daemon to balance interrupts for SMP systems.
[[0;32m  OK  [0m] Started Terminate Plymouth Boot Screen.
[[0;32m  OK  [0m] Started Hold until boot process finishes up.
[[0;32m  OK  [0m] Started LSB: automatic crash report generation.
[[0;32m  OK  [0m] Started Authenticate and Authorize Users to Run Privileged Tasks.
[[0;32m  OK  [0m] Started Accounts Service.
[[0;32m  OK  [0m] Started Getty on tty1.
         Starting Set console scheme...
[[0;32m  OK  [0m] Started Serial Getty on ttyS0.
[[0;32m  OK  [0m] Reached target Login Prompts.
[[0;32m  OK  [0m] Started LSB: Set the CPU Frequency Scaling governor to "ondemand".
[[0;32m  OK  [0m] Started Set console scheme.
[[0;32m  OK  [0m] Started LXD - container startup/shutdown.
[[0;32m  OK  [0m] Started Virtualbox guest utils.
[[0;32m  OK  [0m] Started Pollinate to seed the pseudo random number generator.
         Starting OpenBSD Secure Shell server...
[[0;32m  OK  [0m] Started Snap Daemon.
         Starting Wait until snapd is fully seeded...
[[0;32m  OK  [0m] Started OpenBSD Secure Shell server.
[[0;32m  OK  [0m] Started Wait until snapd is fully seeded.
[[0;32m  OK  [0m] Reached target Multi-User System.
[[0;32m  OK  [0m] Reached target Graphical Interface.
         Starting Update UTMP about System Runlevel Changes...
         Starting Apply the settings specified in cloud-config...
[[0;32m  OK  [0m] Started Update UTMP about System Runlevel Changes.
[   10.137188] cloud-init[1312]: Generating locales (this might take a while)...
[   10.914562] cloud-init[1312]:   en_US.UTF-8... done
[   10.916072] cloud-init[1312]: Generation complete.
[   11.221781] cloud-init[1312]: Cloud-init v. 21.1-19-gbad84ad4-0ubuntu1~16.04.2 running 'modules:config' at Thu, 21 Apr 2022 10:37:10 +0000. Up 10.04 seconds.
[[0;32m  OK  [0m] Started Apply the settings specified in cloud-config.
         Starting Execute cloud user/final scripts...
[[0;32m  OK  [0m] Created slice User Slice of vagrant.
         Starting User Manager for UID 1000...
[[0;32m  OK  [0m] Started Session 1 of user vagrant.
[[0;32m  OK  [0m] Started User Manager for UID 1000.
ci-info: no authorized SSH keys fingerprints found for user ubuntu.
<14>Apr 21 10:37:12 ec2: 
<14>Apr 21 10:37:12 ec2: #############################################################
<14>Apr 21 10:37:12 ec2: -----BEGIN SSH HOST KEY FINGERPRINTS-----
<14>Apr 21 10:37:12 ec2: 1024 SHA256:73y6wHCcYjDNh9Gxeq5Zcu1Ed8p7es9v6sXKqg4ekt8 root@ubuntu-xenial (DSA)
<14>Apr 21 10:37:12 ec2: 256 SHA256:B9KygTih8x1wGpfcq/Y7pdTLVPXdr9hXwwUb4e/23Hs root@ubuntu-xenial (ECDSA)
<14>Apr 21 10:37:12 ec2: 256 SHA256:SykMB9m4wf+YGbvnFz+hYzpZZY58Umn2LvvcHoWHAWk root@ubuntu-xenial (ED25519)
<14>Apr 21 10:37:12 ec2: 2048 SHA256:GyarigREDG331HniXFGd4lhI+4EDxDgCUt1AQ8K7geo root@ubuntu-xenial (RSA)
<14>Apr 21 10:37:12 ec2: -----END SSH HOST KEY FINGERPRINTS-----
<14>Apr 21 10:37:12 ec2: #############################################################
-----BEGIN SSH HOST KEY KEYS-----
ecdsa-sha2-nistp256 AAAAE2VjZHNhLXNoYTItbmlzdHAyNTYAAAAIbmlzdHAyNTYAAABBBHRbTJoezVIRYyXrPdVnWtEIBsZS2xQ9w8XueUlH09O+VScrYsPZSJ8aEoohMSh7OCtW1UImcfEKi/w0NLEONtU= root@ubuntu-xenial
ssh-ed25519 AAAAC3NzaC1lZDI1NTE5AAAAIEClxmJIzhXyK+tn1Kn7Yn16G2NHzOUQApxxX88brIFo root@ubuntu-xenial
ssh-rsa AAAAB3NzaC1yc2EAAAADAQABAAABAQDanoAi4E9/A5F9mvybDdBwREY4pOp/mjTgP2leG3yjLffq3/em4mmW4tfL44cGQ2mzDsPDc7CtCyc/7hkBbDdJtnGYaA1ZjQAuEDmR2eJht8WaVYNiof9LhN4sjafKCeCLvsitchYTCQKgY6R4rMBOq/r9+vZZRjV7UaN3U+9amAADFqsuJcNib4A7IrkWdQuMpYdTmrqAsmIF6jru+fy6F0uKoOZqSUGb6uhKYUNVz8n6TUiNhT97SRu79EuonepHz57hVKuatSpkCaF+/D4lzZFZ1FrldOYmLKuiG46EG3M99ybF6RLmDYCG9L6a+Rq5/4vOQASXY4GTIoORy+03 root@ubuntu-xenial
-----END SSH HOST KEY KEYS-----
[   11.880063] cloud-init[1355]: Cloud-init v. 21.1-19-gbad84ad4-0ubuntu1~16.04.2 running 'modules:final' at Thu, 21 Apr 2022 10:37:12 +0000. Up 11.68 seconds.
[   11.883143] cloud-init[1355]: ci-info: no authorized SSH keys fingerprints found for user ubuntu.
[   11.892798] cloud-init[1355]: Cloud-init v. 21.1-19-gbad84ad4-0ubuntu1~16.04.2 finished at Thu, 21 Apr 2022 10:37:12 +0000. Datasource DataSourceNoCloud [seed=/dev/sdb][dsmode=net].  Up 11.87 seconds
[[0;32m  OK  [0m] Started Execute cloud user/final scripts.
[[0;32m  OK  [0m] Reached target Cloud-init target.

Ubuntu 16.04.7 LTS ubuntu-xenial ttyS0

ubuntu-xenial login: 